[2025-06-24 12:33:15] [FEEDBACK] From: Joel (joeljacob2909@gmail.com)
Message: Improve UI

[2025-06-24 12:34:50] [FEEDBACK] From: Joel (joeljacob2909@gmail.com)
Message: Improve UI

[2025-06-24 12:36:33] [FEEDBACK] From: Joel (joeljacob2909@gmail.com)
Message: Improve UI

[2025-06-25 21:59:47] [ERROR] Failed to generate phishing PDF report: list index out of range

[2025-06-25 22:07:07] [ERROR] Failed to generate phishing PDF report: list index out of range

[2025-06-25 22:16:21] [ERROR] PDF generation failed: list index out of range

[2025-06-25 22:16:38] [ERROR] PDF generation failed: list index out of range

[2025-06-25 22:30:22] [ERROR] PDF generation failed: list index out of range

[2025-06-25 22:41:31] [ERROR] PDF generation failed: list index out of range

[2025-06-26 00:41:08] [ERROR] PDF generation failed: 'latin-1' codec can't encode characters in position 269-270: ordinal not in range(256)

[2025-06-26 00:44:20] [ERROR] PDF generation failed: 'latin-1' codec can't encode characters in position 269-270: ordinal not in range(256)

[2025-06-26 00:45:41] [ERROR] PDF generation failed: 'latin-1' codec can't encode characters in position 269-270: ordinal not in range(256)

[2025-06-26 00:46:56] [ERROR] PDF generation failed: 'latin-1' codec can't encode characters in position 269-270: ordinal not in range(256)

[2025-06-26 01:18:11] [ERROR] PDF generation failed: 'latin-1' codec can't encode characters in position 741-742: ordinal not in range(256)

[2025-06-26 01:25:20] [ERROR] PDF generation failed: 'latin-1' codec can't encode characters in position 269-270: ordinal not in range(256)

[2025-06-26 01:25:51] [ERROR] PDF generation failed: 'latin-1' codec can't encode characters in position 269-270: ordinal not in range(256)

[2025-06-29 16:25:35] [ERROR] Network Scan Failed: [WinError 6] The handle is invalid

[2025-06-29 16:25:42] [ERROR] Network Scan Failed: [WinError 6] The handle is invalid

[2025-06-29 16:25:54] [ERROR] Network Scan Failed: [WinError 6] The handle is invalid

[2025-06-29 17:14:46] [ERROR] PDF generation failed: 'latin-1' codec can't encode character '\u2019' in position 536: ordinal not in range(256)

[2025-06-29 17:19:16] [ERROR] PDF generation failed: 'latin-1' codec can't encode character '\u2019' in position 544: ordinal not in range(256)

[2025-06-29 17:22:23] [ERROR] Report generation failed for phishing: generate_phishing_analysis_pdf() got an unexpected keyword argument 'json_path'

[2025-07-01 17:12:17] [ERROR] PDF generation failed: 'latin-1' codec can't encode character '\u2019' in position 490: ordinal not in range(256)

[2025-07-01 17:13:11] [ERROR] PDF generation failed: 'latin-1' codec can't encode character '\u2019' in position 408: ordinal not in range(256)

[2025-07-03 21:43:09] [ERROR] Report generation failed for web: [Errno 2] No such file or directory: 'data/web\\web_scan_20250703_213124.pdf'

[2025-07-03 21:47:09] [FEEDBACK] From: Varun (varun123@gmail.com)
Message: Bugs found in the Reports download section

[2025-07-03 21:47:48] [FEEDBACK] From: Varun (varun123@gmail.com)
Message: Bugs found in the Reports download section

